<html>
<body>
<pre>
<h1>µVision Build Log</h1>
<h2>Tool Versions:</h2>
IDE-Version: µVision V5.24.2.0
Copyright (C) 2017 ARM Ltd and ARM Germany GmbH. All rights reserved.
License Information: R K, FML 239, LIC=----
 
Tool Versions:
Toolchain:       MDK-Lite  Version: 5.24.1
Toolchain Path:  C:\Keil_v5\ARM\ARMCC\Bin
C Compiler:      Armcc.exe V5.06 update 5 (build 528)
Assembler:       Armasm.exe V5.06 update 5 (build 528)
Linker/Locator:  ArmLink.exe V5.06 update 5 (build 528)
Library Manager: ArmAr.exe V5.06 update 5 (build 528)
Hex Converter:   FromElf.exe V5.06 update 5 (build 528)
CPU DLL:         SARMCM3.DLL V5.24.1
Dialog DLL:      DCM.DLL V1.16.0.0
Target DLL:      STLink\ST-LINKIII-KEIL_SWO.dll V3.0.1.0
Dialog DLL:      TCM.DLL V1.32.0.0
 
<h2>Project:</h2>
C:\Users\Roma\Desktop\stm32\stm32f407\keil\examples\button_test\pin_test.uvprojx
Project File Date:  08/28/2019

<h2>Output:</h2>
*** Using Compiler 'V5.06 update 5 (build 528)', folder: 'C:\Keil_v5\ARM\ARMCC\Bin'
Build target 'pin test'
compiling main.cpp...
.\code\inc\main.h(21): error:  #20: identifier "PE5" is undefined
  	if (index == 
UTTON_1) pin = PE5;
.\code\inc\main.h(22): error:  #20: identifier "PE4" is undefined
  	if (index == 
UTTON_2) pin = PE4;
.\code\inc\main.h(23): error:  #20: identifier "PE3" is undefined
  	if (index == 
UTTON_3) pin = PE3;
.\code\inc\main.h(24): warning:  #1-D: last line of file ends without a newline
  }
.\code\inc\main.h(24): warning:  #940-D: missing return statement at end of non-void function "readButton" 
  }
.\code\inc\main.h(20): warning:  #550-D: variable "pin"  was set but never used
  	int pin;
code\src\main.cpp: 3 warnings, 3 errors
".\Objects\pin_test.axf" - 3 Error(s), 3 Warning(s).

<h2>Software Packages used:</h2>

Package Vendor: Keil
                http://www.keil.com/pack/Keil.STM32F4xx_DFP.2.14.0.pack
                Keil.STM32F4xx_DFP.2.14.0
                STMicroelectronics STM32F4 Series Device Support, Drivers and Examples

<h2>Collection of Component include folders:</h2>
  .\RTE\_pin_test
  C:\Users\Roma\AppData\Local\Arm\Packs\Keil\STM32F4xx_DFP\2.14.0\Drivers\CMSIS\Device\ST\STM32F4xx\Include

<h2>Collection of Component Files used:</h2>
Target not created.
Build Time Elapsed:  00:00:00
</pre>
</body>
</html>
